{"remote address":"::1", "remote user":"-","date":"[18/Jun/2016:08:49:06 +0000]","method":"POST", "url":"/admin/validate", "status":"-"}

{"remote address":"::1", "remote user":"-","date":"[18/Jun/2016:08:52:40 +0000]","method":"POST", "url":"/admin/validate", "status":"200"}

{"remote address":"::1", "remote user":"-","date":"[18/Jun/2016:08:54:20 +0000]","method":"POST", "url":"/admin/validate", "status":"200"}

{"remote address":"::1", "remote user":"-","date":"[18/Jun/2016:08:58:06 +0000]","method":"POST", "url":"/admin/validate", "status":"200"}

{"remote address":"::1", "remote user":"-","date":"[18/Jun/2016:09:01:23 +0000]","method":"POST", "url":"/admin/validate", "status":"200"}

{"remote address":"::1", "remote user":"-","date":"[18/Jun/2016:09:04:29 +0000]","method":"POST", "url":"/admin/validate", "status":"200"}

{"remote address":"::1", "remote user":"-","date":"[18/Jun/2016:09:20:31 +0000]","method":"POST", "url":"/admin/validate", "status":"200"}

{"remote address":"::1", "remote user":"-","date":"[18/Jun/2016:09:51:45 +0000]","method":"POST", "url":"/admin/validate", "status":"200"}

{"remote address":"::1", "remote user":"-","date":"[18/Jun/2016:09:53:07 +0000]","method":"POST", "url":"/admin/validate", "status":"200"}

{"remote address":"::1", "remote user":"-","date":"[18/Jun/2016:10:12:28 +0000]","method":"POST", "url":"/admin/loadEvent", "status":"-"}

{"remote address":"::1", "remote user":"-","date":"[18/Jun/2016:10:18:09 +0000]","method":"POST", "url":"/admin/loadEvent", "status":"-"}

{"remote address":"::1", "remote user":"-","date":"[18/Jun/2016:10:20:48 +0000]","method":"POST", "url":"/admin/loadEvent", "status":"-"}

{"remote address":"::1", "remote user":"-","date":"[18/Jun/2016:10:23:00 +0000]","method":"POST", "url":"/admin/loadEvent", "status":"-"}

{"remote address":"::1", "remote user":"-","date":"[18/Jun/2016:10:24:51 +0000]","method":"POST", "url":"/admin/loadEvent", "status":"-"}

{"remote address":"::1", "remote user":"-","date":"[18/Jun/2016:10:35:52 +0000]","method":"POST", "url":"/admin/loadEvent", "status":"-"}

{"remote address":"::1", "remote user":"-","date":"[18/Jun/2016:10:36:20 +0000]","method":"POST", "url":"/admin/loadEvent", "status":"200"}

{"remote address":"::1", "remote user":"-","date":"[18/Jun/2016:10:37:47 +0000]","method":"POST", "url":"/admin/loadEvent", "status":"200"}

{"remote address":"::1", "remote user":"-","date":"[18/Jun/2016:10:38:07 +0000]","method":"POST", "url":"/admin/loadEvent", "status":"200"}

{"remote address":"::1", "remote user":"-","date":"[18/Jun/2016:10:40:36 +0000]","method":"POST", "url":"/admin/loadEvent", "status":"200"}

{"remote address":"::1", "remote user":"-","date":"[18/Jun/2016:10:42:09 +0000]","method":"POST", "url":"/admin/loadEvent", "status":"200"}

{"remote address":"::1", "remote user":"-","date":"[18/Jun/2016:10:42:29 +0000]","method":"POST", "url":"/admin/loadEvent", "status":"200"}

{"remote address":"::1", "remote user":"-","date":"[18/Jun/2016:10:44:01 +0000]","method":"POST", "url":"/admin/loadEvent", "status":"200"}

{"remote address":"::1", "remote user":"-","date":"[18/Jun/2016:10:49:10 +0000]","method":"POST", "url":"/admin/loadEvent", "status":"200"}

{"remote address":"::1", "remote user":"-","date":"[18/Jun/2016:10:56:28 +0000]","method":"POST", "url":"/admin/loadEvent", "status":"-"}

{"remote address":"::1", "remote user":"-","date":"[18/Jun/2016:10:57:42 +0000]","method":"POST", "url":"/admin/loadEvent", "status":"200"}

{"remote address":"::1", "remote user":"-","date":"[18/Jun/2016:10:59:25 +0000]","method":"POST", "url":"/admin/loadEvent", "status":"200"}

{"remote address":"::1", "remote user":"-","date":"[18/Jun/2016:11:00:17 +0000]","method":"POST", "url":"/admin/loadEvent", "status":"200"}

{"remote address":"::1", "remote user":"-","date":"[18/Jun/2016:11:01:23 +0000]","method":"POST", "url":"/admin/loadEvent", "status":"200"}

{"remote address":"::1", "remote user":"-","date":"[18/Jun/2016:11:02:55 +0000]","method":"POST", "url":"/admin/loadEvent", "status":"200"}

{"remote address":"::ffff:127.0.0.1", "remote user":"-","date":"[18/Jun/2016:11:11:39 +0000]","method":"POST", "url":"/admin/LoadEvent", "status":"200"}

{"remote address":"::ffff:127.0.0.1", "remote user":"-","date":"[18/Jun/2016:11:13:21 +0000]","method":"POST", "url":"/admin/LoadEvent", "status":"200"}

{"remote address":"::1", "remote user":"-","date":"[18/Jun/2016:13:27:40 +0000]","method":"POST", "url":"/admin/loadEvent", "status":"200"}

{"remote address":"::1", "remote user":"-","date":"[18/Jun/2016:13:28:28 +0000]","method":"POST", "url":"/admin/loadEvent", "status":"200"}

{"remote address":"::1", "remote user":"-","date":"[18/Jun/2016:13:29:50 +0000]","method":"POST", "url":"/admin/loadEvent", "status":"200"}

{"remote address":"::1", "remote user":"-","date":"[18/Jun/2016:13:30:55 +0000]","method":"POST", "url":"/admin/loadEvent", "status":"200"}

{"remote address":"::1", "remote user":"-","date":"[18/Jun/2016:13:33:54 +0000]","method":"POST", "url":"/admin/loadEvent", "status":"200"}

{"remote address":"::1", "remote user":"-","date":"[18/Jun/2016:13:34:03 +0000]","method":"POST", "url":"/admin/loadEvent", "status":"200"}

{"remote address":"::1", "remote user":"-","date":"[18/Jun/2016:13:36:39 +0000]","method":"POST", "url":"/admin/loadEvent", "status":"200"}

{"remote address":"::1", "remote user":"-","date":"[18/Jun/2016:13:36:41 +0000]","method":"POST", "url":"/admin/loadEvent", "status":"200"}

{"remote address":"::1", "remote user":"-","date":"[18/Jun/2016:13:36:42 +0000]","method":"POST", "url":"/admin/loadEvent", "status":"200"}

{"remote address":"::1", "remote user":"-","date":"[18/Jun/2016:13:42:50 +0000]","method":"POST", "url":"/admin/loadEvent", "status":"200"}

{"remote address":"::1", "remote user":"-","date":"[18/Jun/2016:13:45:03 +0000]","method":"POST", "url":"/admin/loadEvent", "status":"200"}

{"remote address":"::1", "remote user":"-","date":"[18/Jun/2016:13:45:22 +0000]","method":"POST", "url":"/admin/loadEvent", "status":"200"}

{"remote address":"::1", "remote user":"-","date":"[18/Jun/2016:13:45:30 +0000]","method":"POST", "url":"/admin/loadEvent", "status":"200"}

{"remote address":"::1", "remote user":"-","date":"[18/Jun/2016:13:45:47 +0000]","method":"POST", "url":"/admin/loadEvent", "status":"200"}

{"remote address":"::1", "remote user":"-","date":"[18/Jun/2016:13:45:48 +0000]","method":"POST", "url":"/admin/loadEvent", "status":"200"}

{"remote address":"::1", "remote user":"-","date":"[18/Jun/2016:13:45:49 +0000]","method":"POST", "url":"/admin/loadEvent", "status":"200"}

{"remote address":"::1", "remote user":"-","date":"[18/Jun/2016:13:45:50 +0000]","method":"POST", "url":"/admin/loadEvent", "status":"200"}

{"remote address":"::1", "remote user":"-","date":"[18/Jun/2016:13:48:12 +0000]","method":"POST", "url":"/admin/loadEvent", "status":"-"}

{"remote address":"::1", "remote user":"-","date":"[18/Jun/2016:13:48:28 +0000]","method":"POST", "url":"/admin/loadEvent", "status":"200"}

{"remote address":"::1", "remote user":"-","date":"[18/Jun/2016:13:48:31 +0000]","method":"POST", "url":"/admin/loadEvent", "status":"200"}

{"remote address":"::1", "remote user":"-","date":"[18/Jun/2016:13:52:20 +0000]","method":"POST", "url":"/admin/loadEvent", "status":"200"}

{"remote address":"::1", "remote user":"-","date":"[18/Jun/2016:13:53:10 +0000]","method":"POST", "url":"/admin/loadEvent", "status":"200"}

{"remote address":"::1", "remote user":"-","date":"[18/Jun/2016:13:53:54 +0000]","method":"POST", "url":"/admin/loadEvent", "status":"200"}

{"remote address":"::1", "remote user":"-","date":"[18/Jun/2016:13:55:33 +0000]","method":"POST", "url":"/admin/loadEvent", "status":"200"}

{"remote address":"::1", "remote user":"-","date":"[18/Jun/2016:13:58:39 +0000]","method":"POST", "url":"/admin/loadEvent", "status":"200"}

{"remote address":"::1", "remote user":"-","date":"[18/Jun/2016:13:59:47 +0000]","method":"POST", "url":"/admin/loadEvent", "status":"200"}

{"remote address":"::1", "remote user":"-","date":"[18/Jun/2016:14:00:20 +0000]","method":"POST", "url":"/admin/loadEvent", "status":"200"}

{"remote address":"::1", "remote user":"-","date":"[18/Jun/2016:14:00:56 +0000]","method":"POST", "url":"/admin/loadEvent", "status":"200"}

{"remote address":"::1", "remote user":"-","date":"[18/Jun/2016:14:01:41 +0000]","method":"POST", "url":"/admin/loadEvent", "status":"200"}

{"remote address":"::1", "remote user":"-","date":"[18/Jun/2016:14:04:19 +0000]","method":"POST", "url":"/admin/loadEvent", "status":"200"}

{"remote address":"::1", "remote user":"-","date":"[18/Jun/2016:14:06:13 +0000]","method":"POST", "url":"/admin/loadEvent", "status":"200"}

